  [1m[35m (1.6ms)[0m  [1m[34mSELECT sqlite_version(*)[0m
  [1m[35m (0.1ms)[0m  [1m[34mSELECT sqlite_version(*)[0m
  [1m[35m (1.6ms)[0m  [1m[34mSELECT sqlite_version(*)[0m
  [1m[35m (1.4ms)[0m  [1m[35mCREATE TABLE "schema_migrations" ("version" varchar NOT NULL PRIMARY KEY)[0m
  [1m[35m (0.6ms)[0m  [1m[35mCREATE TABLE "ar_internal_metadata" ("key" varchar NOT NULL PRIMARY KEY, "value" varchar, "created_at" datetime(6) NOT NULL, "updated_at" datetime(6) NOT NULL)[0m
  [1m[36mActiveRecord::SchemaMigration Pluck (0.1ms)[0m  [1m[34mSELECT "schema_migrations"."version" FROM "schema_migrations" ORDER BY "schema_migrations"."version" ASC[0m
Migrating to CreateUsers (20220902134516)
  [1m[36mTRANSACTION (0.1ms)[0m  [1m[36mbegin transaction[0m
  [1m[35m (0.3ms)[0m  [1m[35mCREATE TABLE "users" ("id" integer PRIMARY KEY AUTOINCREMENT NOT NULL, "username" varchar NOT NULL, "session_token" varchar NOT NULL, "password_digest" varchar NOT NULL, "created_at" datetime(6) NOT NULL, "updated_at" datetime(6) NOT NULL)[0m
  [1m[35m (0.1ms)[0m  [1m[35mCREATE UNIQUE INDEX "index_users_on_username" ON "users" ("username")[0m
  [1m[35m (0.1ms)[0m  [1m[35mCREATE UNIQUE INDEX "index_users_on_session_token" ON "users" ("session_token")[0m
  [1m[36mActiveRecord::SchemaMigration Create (0.2ms)[0m  [1m[32mINSERT INTO "schema_migrations" ("version") VALUES (?)[0m  [["version", "20220902134516"]]
  [1m[36mTRANSACTION (1.3ms)[0m  [1m[36mcommit transaction[0m
  [1m[36mActiveRecord::InternalMetadata Load (0.2ms)[0m  [1m[34mSELECT "ar_internal_metadata".* FROM "ar_internal_metadata" WHERE "ar_internal_metadata"."key" = ? LIMIT ?[0m  [["key", "environment"], ["LIMIT", 1]]
  [1m[36mTRANSACTION (0.1ms)[0m  [1m[36mbegin transaction[0m
  [1m[36mActiveRecord::InternalMetadata Create (0.3ms)[0m  [1m[32mINSERT INTO "ar_internal_metadata" ("key", "value", "created_at", "updated_at") VALUES (?, ?, ?, ?)[0m  [["key", "environment"], ["value", "development"], ["created_at", "2022-09-02 13:49:44.755119"], ["updated_at", "2022-09-02 13:49:44.755119"]]
  [1m[36mTRANSACTION (0.4ms)[0m  [1m[36mcommit transaction[0m
  [1m[35m (0.1ms)[0m  [1m[34mSELECT sqlite_version(*)[0m
  [1m[36mActiveRecord::SchemaMigration Pluck (0.1ms)[0m  [1m[34mSELECT "schema_migrations"."version" FROM "schema_migrations" ORDER BY "schema_migrations"."version" ASC[0m
Started GET "/" for ::1 at 2022-09-02 11:02:03 -0400
  [1m[35m (2.2ms)[0m  [1m[34mSELECT sqlite_version(*)[0m
  [1m[36mActiveRecord::SchemaMigration Pluck (0.1ms)[0m  [1m[34mSELECT "schema_migrations"."version" FROM "schema_migrations" ORDER BY "schema_migrations"."version" ASC[0m
Processing by Rails::WelcomeController#index as HTML
  Rendering /Users/yosypdobosh/.rbenv/versions/3.1.1/lib/ruby/gems/3.1.0/gems/railties-7.0.3.1/lib/rails/templates/rails/welcome/index.html.erb
  Rendered /Users/yosypdobosh/.rbenv/versions/3.1.1/lib/ruby/gems/3.1.0/gems/railties-7.0.3.1/lib/rails/templates/rails/welcome/index.html.erb (Duration: 2.3ms | Allocations: 550)
Completed 200 OK in 12ms (Views: 7.5ms | ActiveRecord: 0.0ms | Allocations: 2840)


Started GET "/new" for ::1 at 2022-09-02 11:03:30 -0400
  
ActionController::RoutingError (No route matches [GET] "/new"):
  
Started GET "/session/new" for ::1 at 2022-09-02 11:03:38 -0400
Processing by SessionsController#new as HTML
  [1m[35m (0.2ms)[0m  [1m[34mSELECT sqlite_version(*)[0m
  ↳ app/controllers/sessions_controller.rb:5:in `new'
  Rendering layout layouts/application.html.erb
  Rendering sessions/new.html.erb within layouts/application
  Rendered sessions/new.html.erb within layouts/application (Duration: 2.9ms | Allocations: 652)
  Rendered layout layouts/application.html.erb (Duration: 25.7ms | Allocations: 6813)
Completed 200 OK in 59ms (Views: 28.8ms | ActiveRecord: 1.4ms | Allocations: 13326)


Started POST "/session" for ::1 at 2022-09-02 11:03:55 -0400
Processing by SessionsController#create as HTML
  Parameters: {"authenticity_token"=>"[FILTERED]", "user"=>{"username"=>"dobosh", "password"=>"[FILTERED]"}}
  [1m[36mUser Load (0.3ms)[0m  [1m[34mSELECT "users".* FROM "users" WHERE "users"."session_token" IS NULL LIMIT ?[0m  [["LIMIT", 1]]
  ↳ app/controllers/application_controller.rb:8:in `current_user'
Redirected to http://localhost:3000/session/new
Filter chain halted as :require_logged_in rendered or redirected
Completed 302 Found in 11ms (ActiveRecord: 0.3ms | Allocations: 2261)


Started GET "/session/new" for ::1 at 2022-09-02 11:03:55 -0400
Processing by SessionsController#new as HTML
  Rendering layout layouts/application.html.erb
  Rendering sessions/new.html.erb within layouts/application
  Rendered sessions/new.html.erb within layouts/application (Duration: 1.1ms | Allocations: 415)
  Rendered layout layouts/application.html.erb (Duration: 4.5ms | Allocations: 1481)
Completed 200 OK in 6ms (Views: 5.3ms | ActiveRecord: 0.0ms | Allocations: 1767)


Started GET "/session/new" for ::1 at 2022-09-02 11:04:29 -0400
Processing by SessionsController#new as HTML
  Rendering layout layouts/application.html.erb
  Rendering sessions/new.html.erb within layouts/application
  Rendered sessions/new.html.erb within layouts/application (Duration: 7.1ms | Allocations: 629)
  Rendered layout layouts/application.html.erb (Duration: 15.1ms | Allocations: 1919)
Completed 200 OK in 25ms (Views: 23.0ms | ActiveRecord: 0.0ms | Allocations: 2645)


Started GET "/session/new" for ::1 at 2022-09-02 11:06:50 -0400
Processing by SessionsController#new as HTML
  Rendering layout layouts/application.html.erb
  Rendering sessions/new.html.erb within layouts/application
  Rendered sessions/new.html.erb within layouts/application (Duration: 1.0ms | Allocations: 362)
  Rendered layout layouts/application.html.erb (Duration: 4.8ms | Allocations: 1324)
Completed 200 OK in 7ms (Views: 6.6ms | ActiveRecord: 0.0ms | Allocations: 1580)


Started GET "/session/new" for ::1 at 2022-09-02 11:24:20 -0400
Processing by SessionsController#new as HTML
  [1m[35m (0.1ms)[0m  [1m[34mSELECT sqlite_version(*)[0m
  ↳ app/controllers/sessions_controller.rb:5:in `new'
  Rendering layout layouts/application.html.erb
  Rendering sessions/new.html.erb within layouts/application
  Rendered sessions/new.html.erb within layouts/application (Duration: 1.3ms | Allocations: 485)
  Rendered layout layouts/application.html.erb (Duration: 5.2ms | Allocations: 1623)
Completed 200 OK in 18ms (Views: 6.7ms | ActiveRecord: 0.4ms | Allocations: 4952)


Started GET "/users/new" for ::1 at 2022-09-02 12:14:45 -0400
  [1m[35m (1.7ms)[0m  [1m[34mSELECT sqlite_version(*)[0m
  [1m[36mActiveRecord::SchemaMigration Pluck (0.1ms)[0m  [1m[34mSELECT "schema_migrations"."version" FROM "schema_migrations" ORDER BY "schema_migrations"."version" ASC[0m
Processing by UsersController#new as HTML
  Rendering layout layouts/application.html.erb
  Rendering users/new.html.erb within layouts/application
  Rendered users/new.html.erb within layouts/application (Duration: 4.8ms | Allocations: 1130)
  Rendered layout layouts/application.html.erb (Duration: 14.6ms | Allocations: 4440)
Completed 200 OK in 41ms (Views: 23.5ms | ActiveRecord: 0.6ms | Allocations: 11857)


Started POST "/users" for ::1 at 2022-09-02 12:14:52 -0400
Processing by UsersController#create as HTML
  Parameters: {"authenticity_token"=>"[FILTERED]", "user"=>{"username"=>"dobosh", "password"=>"[FILTERED]"}}
  [1m[36mTRANSACTION (0.1ms)[0m  [1m[36mbegin transaction[0m
  ↳ app/models/user.rb:44:in `generate_unique_session_token'
  [1m[36mTRANSACTION (0.1ms)[0m  [1m[31mrollback transaction[0m
  ↳ app/controllers/users_controller.rb:12:in `create'
Completed 500 Internal Server Error in 1134ms (ActiveRecord: 0.2ms | Allocations: 3054)


  
TypeError (can't cast Hash):
  
app/models/user.rb:44:in `generate_unique_session_token'
app/models/user.rb:38:in `ensure_session_token'
app/controllers/users_controller.rb:12:in `create'
Started POST "/users" for ::1 at 2022-09-02 13:37:16 -0400
Processing by UsersController#create as HTML
  Parameters: {"authenticity_token"=>"[FILTERED]", "user"=>{"username"=>"wilson", "password"=>"[FILTERED]"}}
  [1m[35m (0.1ms)[0m  [1m[34mSELECT sqlite_version(*)[0m
  ↳ app/controllers/users_controller.rb:12:in `create'
  [1m[36mTRANSACTION (0.1ms)[0m  [1m[36mbegin transaction[0m
  ↳ app/models/user.rb:44:in `generate_unique_session_token'
  [1m[36mTRANSACTION (0.1ms)[0m  [1m[31mrollback transaction[0m
  ↳ app/controllers/users_controller.rb:12:in `create'
Completed 500 Internal Server Error in 1155ms (ActiveRecord: 2.0ms | Allocations: 2484)


  
TypeError (can't cast Hash):
  
app/models/user.rb:44:in `generate_unique_session_token'
app/models/user.rb:38:in `ensure_session_token'
app/controllers/users_controller.rb:12:in `create'
Started POST "/users" for ::1 at 2022-09-02 13:37:18 -0400
Processing by UsersController#create as HTML
  Parameters: {"authenticity_token"=>"[FILTERED]", "user"=>{"username"=>"wilson", "password"=>"[FILTERED]"}}
  [1m[36mTRANSACTION (0.1ms)[0m  [1m[36mbegin transaction[0m
  ↳ app/models/user.rb:44:in `generate_unique_session_token'
  [1m[36mTRANSACTION (0.1ms)[0m  [1m[31mrollback transaction[0m
  ↳ app/controllers/users_controller.rb:12:in `create'
Completed 500 Internal Server Error in 1124ms (ActiveRecord: 0.2ms | Allocations: 52798)


  
TypeError (can't cast Hash):
  
app/models/user.rb:44:in `generate_unique_session_token'
app/models/user.rb:38:in `ensure_session_token'
app/controllers/users_controller.rb:12:in `create'
Started POST "/users" for ::1 at 2022-09-02 13:43:09 -0400
Processing by UsersController#create as HTML
  Parameters: {"authenticity_token"=>"[FILTERED]", "user"=>{"username"=>"wilson", "password"=>"[FILTERED]"}}
  [1m[35m (0.1ms)[0m  [1m[34mSELECT sqlite_version(*)[0m
  ↳ app/controllers/users_controller.rb:10:in `create'
  [1m[36mTRANSACTION (0.1ms)[0m  [1m[36mbegin transaction[0m
  ↳ app/models/user.rb:44:in `generate_unique_session_token'
  [1m[36mUser Exists? (1.3ms)[0m  [1m[34mSELECT 1 AS one FROM "users" WHERE "users"."session_token" = ? LIMIT ?[0m  [["session_token", "[FILTERED]"], ["LIMIT", 1]]
  ↳ app/models/user.rb:44:in `generate_unique_session_token'
  [1m[36mUser Exists? (0.4ms)[0m  [1m[34mSELECT 1 AS one FROM "users" WHERE "users"."username" = ? LIMIT ?[0m  [["username", "wilson"], ["LIMIT", 1]]
  ↳ app/controllers/users_controller.rb:12:in `create'
  [1m[36mCACHE User Exists? (0.0ms)[0m  [1m[34mSELECT 1 AS one FROM "users" WHERE "users"."session_token" = ? LIMIT ?[0m  [["session_token", "[FILTERED]"], ["LIMIT", 1]]
  ↳ app/controllers/users_controller.rb:12:in `create'
  [1m[36mUser Create (0.8ms)[0m  [1m[32mINSERT INTO "users" ("username", "session_token", "password_digest", "created_at", "updated_at") VALUES (?, ?, ?, ?, ?)[0m  [["username", "wilson"], ["session_token", "[FILTERED]"], ["password_digest", "[FILTERED]"], ["created_at", "2022-09-02 17:43:10.432634"], ["updated_at", "2022-09-02 17:43:10.432634"]]
  ↳ app/controllers/users_controller.rb:12:in `create'
  [1m[36mTRANSACTION (0.4ms)[0m  [1m[36mcommit transaction[0m
  ↳ app/controllers/users_controller.rb:12:in `create'
  [1m[36mUser Exists? (0.2ms)[0m  [1m[34mSELECT 1 AS one FROM "users" WHERE "users"."session_token" = ? LIMIT ?[0m  [["session_token", "[FILTERED]"], ["LIMIT", 1]]
  ↳ app/models/user.rb:44:in `generate_unique_session_token'
  [1m[36mTRANSACTION (0.1ms)[0m  [1m[36mbegin transaction[0m
  ↳ app/models/user.rb:31:in `reset_session_token!'
  [1m[36mUser Exists? (0.2ms)[0m  [1m[34mSELECT 1 AS one FROM "users" WHERE "users"."username" = ? AND "users"."id" != ? LIMIT ?[0m  [["username", "wilson"], ["id", 1], ["LIMIT", 1]]
  ↳ app/models/user.rb:31:in `reset_session_token!'
  [1m[36mUser Exists? (0.1ms)[0m  [1m[34mSELECT 1 AS one FROM "users" WHERE "users"."session_token" = ? AND "users"."id" != ? LIMIT ?[0m  [["session_token", "[FILTERED]"], ["id", 1], ["LIMIT", 1]]
  ↳ app/models/user.rb:31:in `reset_session_token!'
  [1m[36mUser Update (0.4ms)[0m  [1m[33mUPDATE "users" SET "session_token" = ?, "updated_at" = ? WHERE "users"."id" = ?[0m  [["session_token", "[FILTERED]"], ["updated_at", "2022-09-02 17:43:10.450259"], ["id", 1]]
  ↳ app/models/user.rb:31:in `reset_session_token!'
  [1m[36mTRANSACTION (0.7ms)[0m  [1m[36mcommit transaction[0m
  ↳ app/models/user.rb:31:in `reset_session_token!'
Redirected to http://localhost:3000/users
Completed 302 Found in 1193ms (ActiveRecord: 5.7ms | Allocations: 12647)


Started GET "/users" for ::1 at 2022-09-02 13:43:10 -0400
Processing by UsersController#index as HTML
  [1m[36mUser Load (0.2ms)[0m  [1m[34mSELECT "users".* FROM "users" WHERE "users"."session_token" = ? LIMIT ?[0m  [["session_token", "[FILTERED]"], ["LIMIT", 1]]
  ↳ app/controllers/application_controller.rb:7:in `current_user'
  Rendering layout layouts/application.html.erb
  Rendering users/index.html.erb within layouts/application
  Rendered users/index.html.erb within layouts/application (Duration: 0.5ms | Allocations: 122)
  Rendered layout layouts/application.html.erb (Duration: 5.1ms | Allocations: 1289)
Completed 200 OK in 11ms (Views: 7.0ms | ActiveRecord: 0.2ms | Allocations: 2972)


Started GET "/users" for ::1 at 2022-09-02 13:43:13 -0400
Processing by UsersController#index as HTML
  [1m[36mUser Load (0.5ms)[0m  [1m[34mSELECT "users".* FROM "users" WHERE "users"."session_token" = ? LIMIT ?[0m  [["session_token", "[FILTERED]"], ["LIMIT", 1]]
  ↳ app/controllers/application_controller.rb:7:in `current_user'
  Rendering layout layouts/application.html.erb
  Rendering users/index.html.erb within layouts/application
  Rendered users/index.html.erb within layouts/application (Duration: 0.2ms | Allocations: 18)
  Rendered layout layouts/application.html.erb (Duration: 6.1ms | Allocations: 974)
Completed 200 OK in 37ms (Views: 26.7ms | ActiveRecord: 0.5ms | Allocations: 2113)


Started GET "/users" for ::1 at 2022-09-02 13:43:14 -0400
Processing by UsersController#index as HTML
  [1m[36mUser Load (0.4ms)[0m  [1m[34mSELECT "users".* FROM "users" WHERE "users"."session_token" = ? LIMIT ?[0m  [["session_token", "[FILTERED]"], ["LIMIT", 1]]
  ↳ app/controllers/application_controller.rb:7:in `current_user'
  Rendering layout layouts/application.html.erb
  Rendering users/index.html.erb within layouts/application
  Rendered users/index.html.erb within layouts/application (Duration: 0.2ms | Allocations: 18)
  Rendered layout layouts/application.html.erb (Duration: 7.1ms | Allocations: 981)
Completed 200 OK in 20ms (Views: 11.6ms | ActiveRecord: 0.4ms | Allocations: 2001)


Started POST "/users" for ::1 at 2022-09-02 13:43:23 -0400
Processing by UsersController#create as HTML
  Parameters: {"authenticity_token"=>"[FILTERED]", "user"=>{"username"=>"wilson", "password"=>"[FILTERED]"}}
  [1m[36mTRANSACTION (0.1ms)[0m  [1m[36mbegin transaction[0m
  ↳ app/models/user.rb:44:in `generate_unique_session_token'
  [1m[36mUser Exists? (0.2ms)[0m  [1m[34mSELECT 1 AS one FROM "users" WHERE "users"."session_token" = ? LIMIT ?[0m  [["session_token", "[FILTERED]"], ["LIMIT", 1]]
  ↳ app/models/user.rb:44:in `generate_unique_session_token'
  [1m[36mUser Exists? (0.1ms)[0m  [1m[34mSELECT 1 AS one FROM "users" WHERE "users"."username" = ? LIMIT ?[0m  [["username", "wilson"], ["LIMIT", 1]]
  ↳ app/controllers/users_controller.rb:12:in `create'
  [1m[36mCACHE User Exists? (0.0ms)[0m  [1m[34mSELECT 1 AS one FROM "users" WHERE "users"."session_token" = ? LIMIT ?[0m  [["session_token", "[FILTERED]"], ["LIMIT", 1]]
  ↳ app/controllers/users_controller.rb:12:in `create'
  [1m[36mTRANSACTION (0.1ms)[0m  [1m[31mrollback transaction[0m
  ↳ app/controllers/users_controller.rb:12:in `create'
Completed 500 Internal Server Error in 1191ms (ActiveRecord: 0.5ms | Allocations: 6384)


  
NameError (undefined local variable or method `errors' for #<UsersController:0x000000000055c8>

            flash.now[:errors] = errors.full_messages
                                 ^^^^^^):
  
app/controllers/users_controller.rb:16:in `create'
Started POST "/users" for ::1 at 2022-09-02 13:43:36 -0400
Processing by UsersController#create as HTML
  Parameters: {"authenticity_token"=>"[FILTERED]", "user"=>{"username"=>"darian", "password"=>"[FILTERED]"}}
  [1m[36mTRANSACTION (0.1ms)[0m  [1m[36mbegin transaction[0m
  ↳ app/models/user.rb:44:in `generate_unique_session_token'
  [1m[36mUser Exists? (0.2ms)[0m  [1m[34mSELECT 1 AS one FROM "users" WHERE "users"."session_token" = ? LIMIT ?[0m  [["session_token", "[FILTERED]"], ["LIMIT", 1]]
  ↳ app/models/user.rb:44:in `generate_unique_session_token'
  [1m[36mUser Exists? (0.1ms)[0m  [1m[34mSELECT 1 AS one FROM "users" WHERE "users"."username" = ? LIMIT ?[0m  [["username", "darian"], ["LIMIT", 1]]
  ↳ app/controllers/users_controller.rb:12:in `create'
  [1m[36mCACHE User Exists? (0.0ms)[0m  [1m[34mSELECT 1 AS one FROM "users" WHERE "users"."session_token" = ? LIMIT ?[0m  [["session_token", "[FILTERED]"], ["LIMIT", 1]]
  ↳ app/controllers/users_controller.rb:12:in `create'
  [1m[36mUser Create (0.4ms)[0m  [1m[32mINSERT INTO "users" ("username", "session_token", "password_digest", "created_at", "updated_at") VALUES (?, ?, ?, ?, ?)[0m  [["username", "darian"], ["session_token", "[FILTERED]"], ["password_digest", "[FILTERED]"], ["created_at", "2022-09-02 17:43:38.142044"], ["updated_at", "2022-09-02 17:43:38.142044"]]
  ↳ app/controllers/users_controller.rb:12:in `create'
  [1m[36mTRANSACTION (1.0ms)[0m  [1m[36mcommit transaction[0m
  ↳ app/controllers/users_controller.rb:12:in `create'
  [1m[36mUser Exists? (0.2ms)[0m  [1m[34mSELECT 1 AS one FROM "users" WHERE "users"."session_token" = ? LIMIT ?[0m  [["session_token", "[FILTERED]"], ["LIMIT", 1]]
  ↳ app/models/user.rb:44:in `generate_unique_session_token'
  [1m[36mTRANSACTION (0.1ms)[0m  [1m[36mbegin transaction[0m
  ↳ app/models/user.rb:31:in `reset_session_token!'
  [1m[36mUser Exists? (0.1ms)[0m  [1m[34mSELECT 1 AS one FROM "users" WHERE "users"."username" = ? AND "users"."id" != ? LIMIT ?[0m  [["username", "darian"], ["id", 2], ["LIMIT", 1]]
  ↳ app/models/user.rb:31:in `reset_session_token!'
  [1m[36mUser Exists? (0.1ms)[0m  [1m[34mSELECT 1 AS one FROM "users" WHERE "users"."session_token" = ? AND "users"."id" != ? LIMIT ?[0m  [["session_token", "[FILTERED]"], ["id", 2], ["LIMIT", 1]]
  ↳ app/models/user.rb:31:in `reset_session_token!'
  [1m[36mUser Update (0.3ms)[0m  [1m[33mUPDATE "users" SET "session_token" = ?, "updated_at" = ? WHERE "users"."id" = ?[0m  [["session_token", "[FILTERED]"], ["updated_at", "2022-09-02 17:43:38.157191"], ["id", 2]]
  ↳ app/models/user.rb:31:in `reset_session_token!'
  [1m[36mTRANSACTION (0.5ms)[0m  [1m[36mcommit transaction[0m
  ↳ app/models/user.rb:31:in `reset_session_token!'
Redirected to http://localhost:3000/users
Completed 302 Found in 1180ms (ActiveRecord: 3.0ms | Allocations: 8074)


Started GET "/users" for ::1 at 2022-09-02 13:43:38 -0400
Processing by UsersController#index as HTML
  [1m[36mUser Load (0.1ms)[0m  [1m[34mSELECT "users".* FROM "users" WHERE "users"."session_token" = ? LIMIT ?[0m  [["session_token", "[FILTERED]"], ["LIMIT", 1]]
  ↳ app/controllers/application_controller.rb:7:in `current_user'
  Rendering layout layouts/application.html.erb
  Rendering users/index.html.erb within layouts/application
  Rendered users/index.html.erb within layouts/application (Duration: 0.1ms | Allocations: 18)
  Rendered layout layouts/application.html.erb (Duration: 3.0ms | Allocations: 981)
Completed 200 OK in 7ms (Views: 3.7ms | ActiveRecord: 0.1ms | Allocations: 1986)


Started GET "/users" for ::1 at 2022-09-02 13:44:08 -0400
Processing by UsersController#index as HTML
  [1m[36mUser Load (0.4ms)[0m  [1m[34mSELECT "users".* FROM "users" WHERE "users"."session_token" = ? LIMIT ?[0m  [["session_token", "[FILTERED]"], ["LIMIT", 1]]
  ↳ app/controllers/application_controller.rb:7:in `current_user'
  Rendering layout layouts/application.html.erb
  Rendering users/index.html.erb within layouts/application
  Rendered users/index.html.erb within layouts/application (Duration: 0.2ms | Allocations: 18)
  Rendered layout layouts/application.html.erb (Duration: 9.3ms | Allocations: 974)
Completed 200 OK in 18ms (Views: 11.1ms | ActiveRecord: 0.4ms | Allocations: 2008)


Started POST "/users" for ::1 at 2022-09-02 13:44:18 -0400
Processing by UsersController#create as HTML
  Parameters: {"authenticity_token"=>"[FILTERED]", "user"=>{"username"=>"darian", "password"=>"[FILTERED]"}}
  [1m[36mTRANSACTION (0.1ms)[0m  [1m[36mbegin transaction[0m
  ↳ app/models/user.rb:44:in `generate_unique_session_token'
  [1m[36mUser Exists? (0.2ms)[0m  [1m[34mSELECT 1 AS one FROM "users" WHERE "users"."session_token" = ? LIMIT ?[0m  [["session_token", "[FILTERED]"], ["LIMIT", 1]]
  ↳ app/models/user.rb:44:in `generate_unique_session_token'
  [1m[36mUser Exists? (0.6ms)[0m  [1m[34mSELECT 1 AS one FROM "users" WHERE "users"."username" = ? LIMIT ?[0m  [["username", "darian"], ["LIMIT", 1]]
  ↳ app/controllers/users_controller.rb:12:in `create'
  [1m[36mCACHE User Exists? (0.0ms)[0m  [1m[34mSELECT 1 AS one FROM "users" WHERE "users"."session_token" = ? LIMIT ?[0m  [["session_token", "[FILTERED]"], ["LIMIT", 1]]
  ↳ app/controllers/users_controller.rb:12:in `create'
  [1m[36mTRANSACTION (0.1ms)[0m  [1m[31mrollback transaction[0m
  ↳ app/controllers/users_controller.rb:12:in `create'
Completed 500 Internal Server Error in 1180ms (ActiveRecord: 1.0ms | Allocations: 6111)


  
NameError (undefined local variable or method `errors' for #<UsersController:0x00000000005820>

            flash.now[:errors] = errors.full_messages
                                 ^^^^^^):
  
app/controllers/users_controller.rb:16:in `create'
Started POST "/users" for ::1 at 2022-09-02 13:46:00 -0400
Processing by UsersController#create as HTML
  Parameters: {"authenticity_token"=>"[FILTERED]", "user"=>{"username"=>"darian", "password"=>"[FILTERED]"}}
  [1m[35m (0.9ms)[0m  [1m[34mSELECT sqlite_version(*)[0m
  ↳ app/controllers/users_controller.rb:10:in `create'
  [1m[36mTRANSACTION (0.1ms)[0m  [1m[36mbegin transaction[0m
  ↳ app/models/user.rb:44:in `generate_unique_session_token'
  [1m[36mUser Exists? (0.2ms)[0m  [1m[34mSELECT 1 AS one FROM "users" WHERE "users"."session_token" = ? LIMIT ?[0m  [["session_token", "[FILTERED]"], ["LIMIT", 1]]
  ↳ app/models/user.rb:44:in `generate_unique_session_token'
  [1m[36mUser Exists? (0.1ms)[0m  [1m[34mSELECT 1 AS one FROM "users" WHERE "users"."username" = ? LIMIT ?[0m  [["username", "darian"], ["LIMIT", 1]]
  ↳ app/controllers/users_controller.rb:12:in `create'
  [1m[36mCACHE User Exists? (0.0ms)[0m  [1m[34mSELECT 1 AS one FROM "users" WHERE "users"."session_token" = ? LIMIT ?[0m  [["session_token", "[FILTERED]"], ["LIMIT", 1]]
  ↳ app/controllers/users_controller.rb:12:in `create'
  [1m[36mTRANSACTION (0.1ms)[0m  [1m[31mrollback transaction[0m
  ↳ app/controllers/users_controller.rb:12:in `create'
  Rendering layout layouts/application.html.erb
  Rendering users/new.html.erb within layouts/application
  Rendered users/new.html.erb within layouts/application (Duration: 0.5ms | Allocations: 119)
  Rendered layout layouts/application.html.erb (Duration: 4.6ms | Allocations: 1253)
Completed 200 OK in 1169ms (Views: 6.2ms | ActiveRecord: 2.3ms | Allocations: 11407)


Started POST "/users" for ::1 at 2022-09-02 13:46:04 -0400
Processing by UsersController#create as HTML
  Parameters: {"authenticity_token"=>"[FILTERED]", "user"=>{"username"=>"darian", "password"=>"[FILTERED]"}}
  [1m[36mTRANSACTION (0.1ms)[0m  [1m[36mbegin transaction[0m
  ↳ app/models/user.rb:44:in `generate_unique_session_token'
  [1m[36mUser Exists? (0.3ms)[0m  [1m[34mSELECT 1 AS one FROM "users" WHERE "users"."session_token" = ? LIMIT ?[0m  [["session_token", "[FILTERED]"], ["LIMIT", 1]]
  ↳ app/models/user.rb:44:in `generate_unique_session_token'
  [1m[36mUser Exists? (0.1ms)[0m  [1m[34mSELECT 1 AS one FROM "users" WHERE "users"."username" = ? LIMIT ?[0m  [["username", "darian"], ["LIMIT", 1]]
  ↳ app/controllers/users_controller.rb:12:in `create'
  [1m[36mCACHE User Exists? (0.0ms)[0m  [1m[34mSELECT 1 AS one FROM "users" WHERE "users"."session_token" = ? LIMIT ?[0m  [["session_token", "[FILTERED]"], ["LIMIT", 1]]
  ↳ app/controllers/users_controller.rb:12:in `create'
  [1m[36mTRANSACTION (0.1ms)[0m  [1m[31mrollback transaction[0m
  ↳ app/controllers/users_controller.rb:12:in `create'
  Rendering layout layouts/application.html.erb
  Rendering users/new.html.erb within layouts/application
  Rendered users/new.html.erb within layouts/application (Duration: 0.4ms | Allocations: 68)
  Rendered layout layouts/application.html.erb (Duration: 13.7ms | Allocations: 1021)
Completed 200 OK in 1158ms (Views: 14.7ms | ActiveRecord: 0.7ms | Allocations: 5350)


Started POST "/users" for ::1 at 2022-09-02 13:46:07 -0400
Processing by UsersController#create as HTML
  Parameters: {"authenticity_token"=>"[FILTERED]", "user"=>{"username"=>"darian", "password"=>"[FILTERED]"}}
  [1m[36mTRANSACTION (0.1ms)[0m  [1m[36mbegin transaction[0m
  ↳ app/models/user.rb:44:in `generate_unique_session_token'
  [1m[36mUser Exists? (0.2ms)[0m  [1m[34mSELECT 1 AS one FROM "users" WHERE "users"."session_token" = ? LIMIT ?[0m  [["session_token", "[FILTERED]"], ["LIMIT", 1]]
  ↳ app/models/user.rb:44:in `generate_unique_session_token'
  [1m[36mUser Exists? (0.1ms)[0m  [1m[34mSELECT 1 AS one FROM "users" WHERE "users"."username" = ? LIMIT ?[0m  [["username", "darian"], ["LIMIT", 1]]
  ↳ app/controllers/users_controller.rb:12:in `create'
  [1m[36mCACHE User Exists? (0.0ms)[0m  [1m[34mSELECT 1 AS one FROM "users" WHERE "users"."session_token" = ? LIMIT ?[0m  [["session_token", "[FILTERED]"], ["LIMIT", 1]]
  ↳ app/controllers/users_controller.rb:12:in `create'
  [1m[36mTRANSACTION (0.2ms)[0m  [1m[31mrollback transaction[0m
  ↳ app/controllers/users_controller.rb:12:in `create'
  Rendering layout layouts/application.html.erb
  Rendering users/new.html.erb within layouts/application
  Rendered users/new.html.erb within layouts/application (Duration: 0.4ms | Allocations: 68)
  Rendered layout layouts/application.html.erb (Duration: 4.1ms | Allocations: 1017)
Completed 200 OK in 1151ms (Views: 5.3ms | ActiveRecord: 0.7ms | Allocations: 5068)


Started POST "/users" for ::1 at 2022-09-02 13:46:12 -0400
Processing by UsersController#create as HTML
  Parameters: {"authenticity_token"=>"[FILTERED]", "user"=>{"username"=>"darian", "password"=>"[FILTERED]"}}
  [1m[36mTRANSACTION (0.1ms)[0m  [1m[36mbegin transaction[0m
  ↳ app/models/user.rb:44:in `generate_unique_session_token'
  [1m[36mUser Exists? (0.2ms)[0m  [1m[34mSELECT 1 AS one FROM "users" WHERE "users"."session_token" = ? LIMIT ?[0m  [["session_token", "[FILTERED]"], ["LIMIT", 1]]
  ↳ app/models/user.rb:44:in `generate_unique_session_token'
  [1m[36mUser Exists? (0.1ms)[0m  [1m[34mSELECT 1 AS one FROM "users" WHERE "users"."username" = ? LIMIT ?[0m  [["username", "darian"], ["LIMIT", 1]]
  ↳ app/controllers/users_controller.rb:12:in `create'
  [1m[36mCACHE User Exists? (0.0ms)[0m  [1m[34mSELECT 1 AS one FROM "users" WHERE "users"."session_token" = ? LIMIT ?[0m  [["session_token", "[FILTERED]"], ["LIMIT", 1]]
  ↳ app/controllers/users_controller.rb:12:in `create'
  [1m[36mTRANSACTION (0.1ms)[0m  [1m[31mrollback transaction[0m
  ↳ app/controllers/users_controller.rb:12:in `create'
  Rendering layout layouts/application.html.erb
  Rendering users/new.html.erb within layouts/application
  Rendered users/new.html.erb within layouts/application (Duration: 0.4ms | Allocations: 68)
  Rendered layout layouts/application.html.erb (Duration: 3.6ms | Allocations: 1017)
Completed 200 OK in 1157ms (Views: 4.3ms | ActiveRecord: 0.5ms | Allocations: 5092)


Started POST "/users" for ::1 at 2022-09-02 13:46:16 -0400
Processing by UsersController#create as HTML
  Parameters: {"authenticity_token"=>"[FILTERED]", "user"=>{"username"=>"darian", "password"=>"[FILTERED]"}}
  [1m[36mTRANSACTION (0.1ms)[0m  [1m[36mbegin transaction[0m
  ↳ app/models/user.rb:44:in `generate_unique_session_token'
  [1m[36mUser Exists? (0.2ms)[0m  [1m[34mSELECT 1 AS one FROM "users" WHERE "users"."session_token" = ? LIMIT ?[0m  [["session_token", "[FILTERED]"], ["LIMIT", 1]]
  ↳ app/models/user.rb:44:in `generate_unique_session_token'
  [1m[36mUser Exists? (0.2ms)[0m  [1m[34mSELECT 1 AS one FROM "users" WHERE "users"."username" = ? LIMIT ?[0m  [["username", "darian"], ["LIMIT", 1]]
  ↳ app/controllers/users_controller.rb:12:in `create'
  [1m[36mCACHE User Exists? (0.0ms)[0m  [1m[34mSELECT 1 AS one FROM "users" WHERE "users"."session_token" = ? LIMIT ?[0m  [["session_token", "[FILTERED]"], ["LIMIT", 1]]
  ↳ app/controllers/users_controller.rb:12:in `create'
  [1m[36mTRANSACTION (0.1ms)[0m  [1m[31mrollback transaction[0m
  ↳ app/controllers/users_controller.rb:12:in `create'
  Rendering layout layouts/application.html.erb
  Rendering users/new.html.erb within layouts/application
  Rendered users/new.html.erb within layouts/application (Duration: 0.7ms | Allocations: 68)
  Rendered layout layouts/application.html.erb (Duration: 4.2ms | Allocations: 1017)
Completed 200 OK in 1165ms (Views: 5.0ms | ActiveRecord: 0.6ms | Allocations: 5078)


Started POST "/users" for ::1 at 2022-09-02 13:46:24 -0400
Processing by UsersController#create as HTML
  Parameters: {"authenticity_token"=>"[FILTERED]", "user"=>{"username"=>"wilson", "password"=>"[FILTERED]"}}
  [1m[36mTRANSACTION (0.1ms)[0m  [1m[36mbegin transaction[0m
  ↳ app/models/user.rb:44:in `generate_unique_session_token'
  [1m[36mUser Exists? (0.2ms)[0m  [1m[34mSELECT 1 AS one FROM "users" WHERE "users"."session_token" = ? LIMIT ?[0m  [["session_token", "[FILTERED]"], ["LIMIT", 1]]
  ↳ app/models/user.rb:44:in `generate_unique_session_token'
  [1m[36mUser Exists? (0.1ms)[0m  [1m[34mSELECT 1 AS one FROM "users" WHERE "users"."username" = ? LIMIT ?[0m  [["username", "wilson"], ["LIMIT", 1]]
  ↳ app/controllers/users_controller.rb:12:in `create'
  [1m[36mCACHE User Exists? (0.0ms)[0m  [1m[34mSELECT 1 AS one FROM "users" WHERE "users"."session_token" = ? LIMIT ?[0m  [["session_token", "[FILTERED]"], ["LIMIT", 1]]
  ↳ app/controllers/users_controller.rb:12:in `create'
  [1m[36mTRANSACTION (0.1ms)[0m  [1m[31mrollback transaction[0m
  ↳ app/controllers/users_controller.rb:12:in `create'
  Rendering layout layouts/application.html.erb
  Rendering users/new.html.erb within layouts/application
  Rendered users/new.html.erb within layouts/application (Duration: 0.4ms | Allocations: 69)
  Rendered layout layouts/application.html.erb (Duration: 2.8ms | Allocations: 1018)
Completed 200 OK in 1159ms (Views: 4.0ms | ActiveRecord: 0.5ms | Allocations: 5084)


Started POST "/users" for ::1 at 2022-09-02 13:46:27 -0400
Processing by UsersController#create as HTML
  Parameters: {"authenticity_token"=>"[FILTERED]", "user"=>{"username"=>"wilson", "password"=>"[FILTERED]"}}
  [1m[36mTRANSACTION (0.1ms)[0m  [1m[36mbegin transaction[0m
  ↳ app/models/user.rb:44:in `generate_unique_session_token'
  [1m[36mUser Exists? (0.2ms)[0m  [1m[34mSELECT 1 AS one FROM "users" WHERE "users"."session_token" = ? LIMIT ?[0m  [["session_token", "[FILTERED]"], ["LIMIT", 1]]
  ↳ app/models/user.rb:44:in `generate_unique_session_token'
  [1m[36mUser Exists? (0.1ms)[0m  [1m[34mSELECT 1 AS one FROM "users" WHERE "users"."username" = ? LIMIT ?[0m  [["username", "wilson"], ["LIMIT", 1]]
  ↳ app/controllers/users_controller.rb:12:in `create'
  [1m[36mCACHE User Exists? (0.0ms)[0m  [1m[34mSELECT 1 AS one FROM "users" WHERE "users"."session_token" = ? LIMIT ?[0m  [["session_token", "[FILTERED]"], ["LIMIT", 1]]
  ↳ app/controllers/users_controller.rb:12:in `create'
  [1m[36mTRANSACTION (0.1ms)[0m  [1m[31mrollback transaction[0m
  ↳ app/controllers/users_controller.rb:12:in `create'
  Rendering layout layouts/application.html.erb
  Rendering users/new.html.erb within layouts/application
  Rendered users/new.html.erb within layouts/application (Duration: 0.4ms | Allocations: 69)
  Rendered layout layouts/application.html.erb (Duration: 3.7ms | Allocations: 1018)
Completed 200 OK in 1158ms (Views: 4.4ms | ActiveRecord: 0.5ms | Allocations: 5075)


Started POST "/users" for ::1 at 2022-09-02 14:32:45 -0400
Processing by UsersController#create as HTML
  Parameters: {"authenticity_token"=>"[FILTERED]", "user"=>{"username"=>"wilson", "password"=>"[FILTERED]"}}
  [1m[35m (0.1ms)[0m  [1m[34mSELECT sqlite_version(*)[0m
  ↳ app/controllers/users_controller.rb:12:in `create'
  [1m[36mTRANSACTION (0.1ms)[0m  [1m[36mbegin transaction[0m
  ↳ app/models/user.rb:44:in `generate_unique_session_token'
  [1m[36mUser Exists? (0.3ms)[0m  [1m[34mSELECT 1 AS one FROM "users" WHERE "users"."session_token" = ? LIMIT ?[0m  [["session_token", "[FILTERED]"], ["LIMIT", 1]]
  ↳ app/models/user.rb:44:in `generate_unique_session_token'
  [1m[36mUser Exists? (0.3ms)[0m  [1m[34mSELECT 1 AS one FROM "users" WHERE "users"."username" = ? LIMIT ?[0m  [["username", "wilson"], ["LIMIT", 1]]
  ↳ app/controllers/users_controller.rb:12:in `create'
  [1m[36mCACHE User Exists? (0.0ms)[0m  [1m[34mSELECT 1 AS one FROM "users" WHERE "users"."session_token" = ? LIMIT ?[0m  [["session_token", "[FILTERED]"], ["LIMIT", 1]]
  ↳ app/controllers/users_controller.rb:12:in `create'
  [1m[36mTRANSACTION (0.1ms)[0m  [1m[31mrollback transaction[0m
  ↳ app/controllers/users_controller.rb:12:in `create'
  Rendering layout layouts/application.html.erb
  Rendering users/new.html.erb within layouts/application
  Rendered users/new.html.erb within layouts/application (Duration: 1.6ms | Allocations: 288)
  Rendered layout layouts/application.html.erb (Duration: 6.0ms | Allocations: 1567)
Completed 200 OK in 1159ms (Views: 9.5ms | ActiveRecord: 2.6ms | Allocations: 6667)


Started POST "/users" for ::1 at 2022-09-02 14:32:54 -0400
Processing by UsersController#create as HTML
  Parameters: {"authenticity_token"=>"[FILTERED]", "user"=>{"username"=>"hello", "password"=>"[FILTERED]"}}
  [1m[36mTRANSACTION (0.1ms)[0m  [1m[36mbegin transaction[0m
  ↳ app/models/user.rb:44:in `generate_unique_session_token'
  [1m[36mUser Exists? (0.2ms)[0m  [1m[34mSELECT 1 AS one FROM "users" WHERE "users"."session_token" = ? LIMIT ?[0m  [["session_token", "[FILTERED]"], ["LIMIT", 1]]
  ↳ app/models/user.rb:44:in `generate_unique_session_token'
  [1m[36mUser Exists? (0.1ms)[0m  [1m[34mSELECT 1 AS one FROM "users" WHERE "users"."username" = ? LIMIT ?[0m  [["username", "hello"], ["LIMIT", 1]]
  ↳ app/controllers/users_controller.rb:12:in `create'
  [1m[36mCACHE User Exists? (0.0ms)[0m  [1m[34mSELECT 1 AS one FROM "users" WHERE "users"."session_token" = ? LIMIT ?[0m  [["session_token", "[FILTERED]"], ["LIMIT", 1]]
  ↳ app/controllers/users_controller.rb:12:in `create'
  [1m[36mUser Create (1.0ms)[0m  [1m[32mINSERT INTO "users" ("username", "session_token", "password_digest", "created_at", "updated_at") VALUES (?, ?, ?, ?, ?)[0m  [["username", "hello"], ["session_token", "[FILTERED]"], ["password_digest", "[FILTERED]"], ["created_at", "2022-09-02 18:32:55.740012"], ["updated_at", "2022-09-02 18:32:55.740012"]]
  ↳ app/controllers/users_controller.rb:12:in `create'
  [1m[36mTRANSACTION (0.4ms)[0m  [1m[36mcommit transaction[0m
  ↳ app/controllers/users_controller.rb:12:in `create'
  [1m[36mUser Exists? (0.2ms)[0m  [1m[34mSELECT 1 AS one FROM "users" WHERE "users"."session_token" = ? LIMIT ?[0m  [["session_token", "[FILTERED]"], ["LIMIT", 1]]
  ↳ app/models/user.rb:44:in `generate_unique_session_token'
  [1m[36mTRANSACTION (0.1ms)[0m  [1m[36mbegin transaction[0m
  ↳ app/models/user.rb:31:in `reset_session_token!'
  [1m[36mUser Exists? (0.1ms)[0m  [1m[34mSELECT 1 AS one FROM "users" WHERE "users"."username" = ? AND "users"."id" != ? LIMIT ?[0m  [["username", "hello"], ["id", 3], ["LIMIT", 1]]
  ↳ app/models/user.rb:31:in `reset_session_token!'
  [1m[36mUser Exists? (0.1ms)[0m  [1m[34mSELECT 1 AS one FROM "users" WHERE "users"."session_token" = ? AND "users"."id" != ? LIMIT ?[0m  [["session_token", "[FILTERED]"], ["id", 3], ["LIMIT", 1]]
  ↳ app/models/user.rb:31:in `reset_session_token!'
  [1m[36mUser Update (0.4ms)[0m  [1m[33mUPDATE "users" SET "session_token" = ?, "updated_at" = ? WHERE "users"."id" = ?[0m  [["session_token", "[FILTERED]"], ["updated_at", "2022-09-02 18:32:55.755284"], ["id", 3]]
  ↳ app/models/user.rb:31:in `reset_session_token!'
  [1m[36mTRANSACTION (0.5ms)[0m  [1m[36mcommit transaction[0m
  ↳ app/models/user.rb:31:in `reset_session_token!'
Redirected to http://localhost:3000/users
Completed 302 Found in 1169ms (ActiveRecord: 3.2ms | Allocations: 8386)


Started GET "/users" for ::1 at 2022-09-02 14:32:55 -0400
Processing by UsersController#index as HTML
  [1m[36mUser Load (0.2ms)[0m  [1m[34mSELECT "users".* FROM "users" WHERE "users"."session_token" = ? LIMIT ?[0m  [["session_token", "[FILTERED]"], ["LIMIT", 1]]
  ↳ app/controllers/application_controller.rb:7:in `current_user'
  Rendering layout layouts/application.html.erb
  Rendering users/index.html.erb within layouts/application
  Rendered users/index.html.erb within layouts/application (Duration: 0.5ms | Allocations: 94)
  Rendered layout layouts/application.html.erb (Duration: 4.0ms | Allocations: 1050)
Completed 200 OK in 8ms (Views: 5.0ms | ActiveRecord: 0.2ms | Allocations: 2305)


Started GET "/users" for ::1 at 2022-09-02 14:33:11 -0400
Processing by UsersController#index as HTML
  [1m[36mUser Load (0.6ms)[0m  [1m[34mSELECT "users".* FROM "users" WHERE "users"."session_token" = ? LIMIT ?[0m  [["session_token", "[FILTERED]"], ["LIMIT", 1]]
  ↳ app/controllers/application_controller.rb:7:in `current_user'
  Rendering layout layouts/application.html.erb
  Rendering users/index.html.erb within layouts/application
  Rendered users/index.html.erb within layouts/application (Duration: 1.0ms | Allocations: 130)
  Rendered layout layouts/application.html.erb (Duration: 9.0ms | Allocations: 1435)
Completed 200 OK in 28ms (Views: 15.5ms | ActiveRecord: 0.6ms | Allocations: 2935)


Started GET "/users" for ::1 at 2022-09-02 14:34:07 -0400
Processing by UsersController#index as HTML
  [1m[35m (0.8ms)[0m  [1m[34mSELECT sqlite_version(*)[0m
  ↳ app/controllers/application_controller.rb:7:in `current_user'
  [1m[36mUser Load (0.1ms)[0m  [1m[34mSELECT "users".* FROM "users" WHERE "users"."session_token" = ? LIMIT ?[0m  [["session_token", "[FILTERED]"], ["LIMIT", 1]]
  ↳ app/controllers/application_controller.rb:7:in `current_user'
  Rendering layout layouts/application.html.erb
  Rendering users/index.html.erb within layouts/application
  Rendered users/index.html.erb within layouts/application (Duration: 0.6ms | Allocations: 132)
  Rendered layout layouts/application.html.erb (Duration: 4.7ms | Allocations: 1458)
Completed 200 OK in 24ms (Views: 7.1ms | ActiveRecord: 1.8ms | Allocations: 6705)


Started GET "/users" for ::1 at 2022-09-02 14:34:09 -0400
Processing by UsersController#index as HTML
  [1m[36mUser Load (0.4ms)[0m  [1m[34mSELECT "users".* FROM "users" WHERE "users"."session_token" = ? LIMIT ?[0m  [["session_token", "[FILTERED]"], ["LIMIT", 1]]
  ↳ app/controllers/application_controller.rb:7:in `current_user'
  Rendering layout layouts/application.html.erb
  Rendering users/index.html.erb within layouts/application
  Rendered users/index.html.erb within layouts/application (Duration: 0.5ms | Allocations: 18)
  Rendered layout layouts/application.html.erb (Duration: 6.5ms | Allocations: 974)
Completed 200 OK in 16ms (Views: 9.0ms | ActiveRecord: 0.4ms | Allocations: 2118)


Started GET "/" for ::1 at 2022-09-02 14:34:13 -0400
Processing by Rails::WelcomeController#index as HTML
  Rendering /Users/yosypdobosh/.rbenv/versions/3.1.1/lib/ruby/gems/3.1.0/gems/railties-7.0.3.1/lib/rails/templates/rails/welcome/index.html.erb
  Rendered /Users/yosypdobosh/.rbenv/versions/3.1.1/lib/ruby/gems/3.1.0/gems/railties-7.0.3.1/lib/rails/templates/rails/welcome/index.html.erb (Duration: 2.4ms | Allocations: 310)
Completed 200 OK in 7ms (Views: 4.5ms | ActiveRecord: 0.0ms | Allocations: 1029)


Started GET "/users/new" for ::1 at 2022-09-02 14:34:25 -0400
Processing by UsersController#new as HTML
  Rendering layout layouts/application.html.erb
  Rendering users/new.html.erb within layouts/application
  Rendered users/new.html.erb within layouts/application (Duration: 6.6ms | Allocations: 656)
  Rendered layout layouts/application.html.erb (Duration: 13.3ms | Allocations: 1945)
Completed 200 OK in 21ms (Views: 20.1ms | ActiveRecord: 0.0ms | Allocations: 2696)


Started POST "/users" for ::1 at 2022-09-02 14:34:38 -0400
Processing by UsersController#create as HTML
  Parameters: {"authenticity_token"=>"[FILTERED]", "user"=>{"username"=>"king", "password"=>"[FILTERED]"}}
  [1m[36mTRANSACTION (0.1ms)[0m  [1m[36mbegin transaction[0m
  ↳ app/models/user.rb:44:in `generate_unique_session_token'
  [1m[36mUser Exists? (0.2ms)[0m  [1m[34mSELECT 1 AS one FROM "users" WHERE "users"."session_token" = ? LIMIT ?[0m  [["session_token", "[FILTERED]"], ["LIMIT", 1]]
  ↳ app/models/user.rb:44:in `generate_unique_session_token'
  [1m[36mUser Exists? (0.1ms)[0m  [1m[34mSELECT 1 AS one FROM "users" WHERE "users"."username" = ? LIMIT ?[0m  [["username", "king"], ["LIMIT", 1]]
  ↳ app/controllers/users_controller.rb:12:in `create'
  [1m[36mCACHE User Exists? (0.0ms)[0m  [1m[34mSELECT 1 AS one FROM "users" WHERE "users"."session_token" = ? LIMIT ?[0m  [["session_token", "[FILTERED]"], ["LIMIT", 1]]
  ↳ app/controllers/users_controller.rb:12:in `create'
  [1m[36mUser Create (0.4ms)[0m  [1m[32mINSERT INTO "users" ("username", "session_token", "password_digest", "created_at", "updated_at") VALUES (?, ?, ?, ?, ?)[0m  [["username", "king"], ["session_token", "[FILTERED]"], ["password_digest", "[FILTERED]"], ["created_at", "2022-09-02 18:34:39.674168"], ["updated_at", "2022-09-02 18:34:39.674168"]]
  ↳ app/controllers/users_controller.rb:12:in `create'
  [1m[36mTRANSACTION (0.9ms)[0m  [1m[36mcommit transaction[0m
  ↳ app/controllers/users_controller.rb:12:in `create'
  [1m[36mUser Exists? (0.2ms)[0m  [1m[34mSELECT 1 AS one FROM "users" WHERE "users"."session_token" = ? LIMIT ?[0m  [["session_token", "[FILTERED]"], ["LIMIT", 1]]
  ↳ app/models/user.rb:44:in `generate_unique_session_token'
  [1m[36mTRANSACTION (0.1ms)[0m  [1m[36mbegin transaction[0m
  ↳ app/models/user.rb:31:in `reset_session_token!'
  [1m[36mUser Exists? (0.1ms)[0m  [1m[34mSELECT 1 AS one FROM "users" WHERE "users"."username" = ? AND "users"."id" != ? LIMIT ?[0m  [["username", "king"], ["id", 4], ["LIMIT", 1]]
  ↳ app/models/user.rb:31:in `reset_session_token!'
  [1m[36mUser Exists? (0.1ms)[0m  [1m[34mSELECT 1 AS one FROM "users" WHERE "users"."session_token" = ? AND "users"."id" != ? LIMIT ?[0m  [["session_token", "[FILTERED]"], ["id", 4], ["LIMIT", 1]]
  ↳ app/models/user.rb:31:in `reset_session_token!'
  [1m[36mUser Update (0.3ms)[0m  [1m[33mUPDATE "users" SET "session_token" = ?, "updated_at" = ? WHERE "users"."id" = ?[0m  [["session_token", "[FILTERED]"], ["updated_at", "2022-09-02 18:34:39.689103"], ["id", 4]]
  ↳ app/models/user.rb:31:in `reset_session_token!'
  [1m[36mTRANSACTION (0.5ms)[0m  [1m[36mcommit transaction[0m
  ↳ app/models/user.rb:31:in `reset_session_token!'
Redirected to http://localhost:3000/users/4
Completed 302 Found in 1167ms (ActiveRecord: 3.0ms | Allocations: 8551)


Started GET "/users/4" for ::1 at 2022-09-02 14:34:39 -0400
Processing by UsersController#show as HTML
  Parameters: {"id"=>"4"}
  [1m[36mUser Load (0.1ms)[0m  [1m[34mSELECT "users".* FROM "users" WHERE "users"."session_token" = ? LIMIT ?[0m  [["session_token", "[FILTERED]"], ["LIMIT", 1]]
  ↳ app/controllers/application_controller.rb:7:in `current_user'
  [1m[36mUser Load (0.2ms)[0m  [1m[34mSELECT "users".* FROM "users" WHERE "users"."id" = ? LIMIT ?[0m  [["id", 4], ["LIMIT", 1]]
  ↳ app/controllers/users_controller.rb:27:in `show'
  Rendering layout layouts/application.html.erb
  Rendering users/show.html.erb within layouts/application
  Rendered users/show.html.erb within layouts/application (Duration: 0.8ms | Allocations: 101)
  Rendered layout layouts/application.html.erb (Duration: 3.8ms | Allocations: 1049)
Completed 200 OK in 9ms (Views: 4.7ms | ActiveRecord: 0.3ms | Allocations: 2763)


Started GET "/session/new" for ::1 at 2022-09-02 14:34:55 -0400
Processing by SessionsController#new as HTML
  Rendering layout layouts/application.html.erb
  Rendering sessions/new.html.erb within layouts/application
  Rendered sessions/new.html.erb within layouts/application (Duration: 3.4ms | Allocations: 633)
  Rendered layout layouts/application.html.erb (Duration: 9.5ms | Allocations: 1770)
Completed 200 OK in 15ms (Views: 14.1ms | ActiveRecord: 0.0ms | Allocations: 2464)


Started POST "/session" for ::1 at 2022-09-02 14:35:02 -0400
Processing by SessionsController#create as HTML
  Parameters: {"authenticity_token"=>"[FILTERED]", "user"=>{"username"=>"king", "password"=>"[FILTERED]"}}
  [1m[36mUser Load (0.2ms)[0m  [1m[34mSELECT "users".* FROM "users" WHERE "users"."session_token" = ? LIMIT ?[0m  [["session_token", "[FILTERED]"], ["LIMIT", 1]]
  ↳ app/controllers/application_controller.rb:7:in `current_user'
  [1m[36mUser Load (0.2ms)[0m  [1m[34mSELECT "users".* FROM "users" WHERE "users"."username" = ? LIMIT ?[0m  [["username", "king"], ["LIMIT", 1]]
  ↳ app/models/user.rb:10:in `find_by_credentials'
  [1m[36mUser Exists? (0.3ms)[0m  [1m[34mSELECT 1 AS one FROM "users" WHERE "users"."session_token" = ? LIMIT ?[0m  [["session_token", "[FILTERED]"], ["LIMIT", 1]]
  ↳ app/models/user.rb:44:in `generate_unique_session_token'
  [1m[36mTRANSACTION (0.1ms)[0m  [1m[36mbegin transaction[0m
  ↳ app/models/user.rb:31:in `reset_session_token!'
  [1m[36mUser Exists? (0.2ms)[0m  [1m[34mSELECT 1 AS one FROM "users" WHERE "users"."username" = ? AND "users"."id" != ? LIMIT ?[0m  [["username", "king"], ["id", 4], ["LIMIT", 1]]
  ↳ app/models/user.rb:31:in `reset_session_token!'
  [1m[36mUser Exists? (0.1ms)[0m  [1m[34mSELECT 1 AS one FROM "users" WHERE "users"."session_token" = ? AND "users"."id" != ? LIMIT ?[0m  [["session_token", "[FILTERED]"], ["id", 4], ["LIMIT", 1]]
  ↳ app/models/user.rb:31:in `reset_session_token!'
  [1m[36mUser Update (0.3ms)[0m  [1m[33mUPDATE "users" SET "session_token" = ?, "updated_at" = ? WHERE "users"."id" = ?[0m  [["session_token", "[FILTERED]"], ["updated_at", "2022-09-02 18:35:03.303280"], ["id", 4]]
  ↳ app/models/user.rb:31:in `reset_session_token!'
  [1m[36mTRANSACTION (0.7ms)[0m  [1m[36mcommit transaction[0m
  ↳ app/models/user.rb:31:in `reset_session_token!'
Redirected to http://localhost:3000/users
Completed 302 Found in 1149ms (ActiveRecord: 2.2ms | Allocations: 5771)


Started GET "/users" for ::1 at 2022-09-02 14:35:03 -0400
Processing by UsersController#index as HTML
  [1m[36mUser Load (0.1ms)[0m  [1m[34mSELECT "users".* FROM "users" WHERE "users"."session_token" = ? LIMIT ?[0m  [["session_token", "[FILTERED]"], ["LIMIT", 1]]
  ↳ app/controllers/application_controller.rb:7:in `current_user'
  Rendering layout layouts/application.html.erb
  Rendering users/index.html.erb within layouts/application
  Rendered users/index.html.erb within layouts/application (Duration: 0.6ms | Allocations: 101)
  Rendered layout layouts/application.html.erb (Duration: 3.7ms | Allocations: 1057)
Completed 200 OK in 7ms (Views: 4.5ms | ActiveRecord: 0.1ms | Allocations: 2150)


Started GET "/users" for ::1 at 2022-09-02 14:35:21 -0400
Processing by UsersController#index as HTML
  [1m[35m (0.1ms)[0m  [1m[34mSELECT sqlite_version(*)[0m
  ↳ app/controllers/application_controller.rb:7:in `current_user'
  [1m[36mUser Load (0.9ms)[0m  [1m[34mSELECT "users".* FROM "users" WHERE "users"."session_token" = ? LIMIT ?[0m  [["session_token", "[FILTERED]"], ["LIMIT", 1]]
  ↳ app/controllers/application_controller.rb:7:in `current_user'
  Rendering layout layouts/application.html.erb
  Rendering users/index.html.erb within layouts/application
  Rendered users/index.html.erb within layouts/application (Duration: 0.9ms | Allocations: 26)
  Rendered layout layouts/application.html.erb (Duration: 4.3ms | Allocations: 1191)
Completed 200 OK in 23ms (Views: 5.8ms | ActiveRecord: 1.9ms | Allocations: 6104)


Started GET "/users" for ::1 at 2022-09-02 14:35:23 -0400
Processing by UsersController#index as HTML
  [1m[36mUser Load (0.5ms)[0m  [1m[34mSELECT "users".* FROM "users" WHERE "users"."session_token" = ? LIMIT ?[0m  [["session_token", "[FILTERED]"], ["LIMIT", 1]]
  ↳ app/controllers/application_controller.rb:7:in `current_user'
  Rendering layout layouts/application.html.erb
  Rendering users/index.html.erb within layouts/application
  Rendered users/index.html.erb within layouts/application (Duration: 0.1ms | Allocations: 18)
  Rendered layout layouts/application.html.erb (Duration: 4.0ms | Allocations: 981)
Completed 200 OK in 40ms (Views: 31.2ms | ActiveRecord: 0.5ms | Allocations: 2115)


Started GET "/users" for ::1 at 2022-09-02 14:35:24 -0400
Processing by UsersController#index as HTML
  [1m[36mUser Load (0.4ms)[0m  [1m[34mSELECT "users".* FROM "users" WHERE "users"."session_token" = ? LIMIT ?[0m  [["session_token", "[FILTERED]"], ["LIMIT", 1]]
  ↳ app/controllers/application_controller.rb:7:in `current_user'
  Rendering layout layouts/application.html.erb
  Rendering users/index.html.erb within layouts/application
  Rendered users/index.html.erb within layouts/application (Duration: 0.2ms | Allocations: 18)
  Rendered layout layouts/application.html.erb (Duration: 8.0ms | Allocations: 974)
Completed 200 OK in 16ms (Views: 9.8ms | ActiveRecord: 0.4ms | Allocations: 1989)


Started GET "/users" for ::1 at 2022-09-02 14:35:26 -0400
Processing by UsersController#index as HTML
  [1m[36mUser Load (0.6ms)[0m  [1m[34mSELECT "users".* FROM "users" WHERE "users"."session_token" = ? LIMIT ?[0m  [["session_token", "[FILTERED]"], ["LIMIT", 1]]
  ↳ app/controllers/application_controller.rb:7:in `current_user'
  Rendering layout layouts/application.html.erb
  Rendering users/index.html.erb within layouts/application
  Rendered users/index.html.erb within layouts/application (Duration: 0.2ms | Allocations: 18)
  Rendered layout layouts/application.html.erb (Duration: 7.5ms | Allocations: 974)
Completed 200 OK in 21ms (Views: 10.4ms | ActiveRecord: 0.6ms | Allocations: 1990)


Started GET "/session/new" for ::1 at 2022-09-02 14:35:35 -0400
Processing by SessionsController#new as HTML
  Rendering layout layouts/application.html.erb
  Rendering sessions/new.html.erb within layouts/application
  Rendered sessions/new.html.erb within layouts/application (Duration: 2.7ms | Allocations: 498)
  Rendered layout layouts/application.html.erb (Duration: 9.7ms | Allocations: 1642)
Completed 200 OK in 15ms (Views: 13.7ms | ActiveRecord: 0.0ms | Allocations: 2255)


Started POST "/session" for ::1 at 2022-09-02 14:35:41 -0400
Processing by SessionsController#create as HTML
  Parameters: {"authenticity_token"=>"[FILTERED]", "user"=>{"username"=>"king", "password"=>"[FILTERED]"}}
  [1m[36mUser Load (0.6ms)[0m  [1m[34mSELECT "users".* FROM "users" WHERE "users"."session_token" = ? LIMIT ?[0m  [["session_token", "[FILTERED]"], ["LIMIT", 1]]
  ↳ app/controllers/application_controller.rb:7:in `current_user'
  [1m[36mUser Load (0.5ms)[0m  [1m[34mSELECT "users".* FROM "users" WHERE "users"."username" = ? LIMIT ?[0m  [["username", "king"], ["LIMIT", 1]]
  ↳ app/models/user.rb:10:in `find_by_credentials'
Started POST "/session" for ::1 at 2022-09-02 14:35:42 -0400
Processing by SessionsController#create as HTML
  Parameters: {"authenticity_token"=>"[FILTERED]", "user"=>{"username"=>"king", "password"=>"[FILTERED]"}}
  [1m[35m (0.1ms)[0m  [1m[34mSELECT sqlite_version(*)[0m
  ↳ app/controllers/application_controller.rb:7:in `current_user'
  [1m[36mUser Load (0.2ms)[0m  [1m[34mSELECT "users".* FROM "users" WHERE "users"."session_token" = ? LIMIT ?[0m  [["session_token", "[FILTERED]"], ["LIMIT", 1]]
  ↳ app/controllers/application_controller.rb:7:in `current_user'
  [1m[36mUser Load (0.1ms)[0m  [1m[34mSELECT "users".* FROM "users" WHERE "users"."username" = ? LIMIT ?[0m  [["username", "king"], ["LIMIT", 1]]
  ↳ app/models/user.rb:10:in `find_by_credentials'
  [1m[36mUser Exists? (0.2ms)[0m  [1m[34mSELECT 1 AS one FROM "users" WHERE "users"."session_token" = ? LIMIT ?[0m  [["session_token", "[FILTERED]"], ["LIMIT", 1]]
  ↳ app/models/user.rb:44:in `generate_unique_session_token'
  [1m[36mTRANSACTION (0.1ms)[0m  [1m[36mbegin transaction[0m
  ↳ app/models/user.rb:31:in `reset_session_token!'
  [1m[36mUser Exists? (0.1ms)[0m  [1m[34mSELECT 1 AS one FROM "users" WHERE "users"."username" = ? AND "users"."id" != ? LIMIT ?[0m  [["username", "king"], ["id", 4], ["LIMIT", 1]]
  ↳ app/models/user.rb:31:in `reset_session_token!'
  [1m[36mUser Exists? (0.1ms)[0m  [1m[34mSELECT 1 AS one FROM "users" WHERE "users"."session_token" = ? AND "users"."id" != ? LIMIT ?[0m  [["session_token", "[FILTERED]"], ["id", 4], ["LIMIT", 1]]
  ↳ app/models/user.rb:31:in `reset_session_token!'
  [1m[36mUser Update (0.3ms)[0m  [1m[33mUPDATE "users" SET "session_token" = ?, "updated_at" = ? WHERE "users"."id" = ?[0m  [["session_token", "[FILTERED]"], ["updated_at", "2022-09-02 18:35:42.637086"], ["id", 4]]
  ↳ app/models/user.rb:31:in `reset_session_token!'
  [1m[36mTRANSACTION (0.6ms)[0m  [1m[36mcommit transaction[0m
  ↳ app/models/user.rb:31:in `reset_session_token!'
Redirected to http://localhost:3000/users/4
Completed 302 Found in 1163ms (ActiveRecord: 2.6ms | Allocations: 8733)


  [1m[36mUser Exists? (0.3ms)[0m  [1m[34mSELECT 1 AS one FROM "users" WHERE "users"."session_token" = ? LIMIT ?[0m  [["session_token", "[FILTERED]"], ["LIMIT", 1]]
  ↳ app/models/user.rb:44:in `generate_unique_session_token'
  [1m[36mTRANSACTION (0.1ms)[0m  [1m[36mbegin transaction[0m
  ↳ app/models/user.rb:31:in `reset_session_token!'
  [1m[36mUser Exists? (0.2ms)[0m  [1m[34mSELECT 1 AS one FROM "users" WHERE "users"."username" = ? AND "users"."id" != ? LIMIT ?[0m  [["username", "king"], ["id", 4], ["LIMIT", 1]]
  ↳ app/models/user.rb:31:in `reset_session_token!'
  [1m[36mUser Exists? (0.1ms)[0m  [1m[34mSELECT 1 AS one FROM "users" WHERE "users"."session_token" = ? AND "users"."id" != ? LIMIT ?[0m  [["session_token", "[FILTERED]"], ["id", 4], ["LIMIT", 1]]
  ↳ app/models/user.rb:31:in `reset_session_token!'
  [1m[36mUser Update (0.3ms)[0m  [1m[33mUPDATE "users" SET "session_token" = ?, "updated_at" = ? WHERE "users"."id" = ?[0m  [["session_token", "[FILTERED]"], ["updated_at", "2022-09-02 18:35:43.639749"], ["id", 4]]
  ↳ app/models/user.rb:31:in `reset_session_token!'
  [1m[36mTRANSACTION (0.7ms)[0m  [1m[36mcommit transaction[0m
  ↳ app/models/user.rb:31:in `reset_session_token!'
Redirected to http://localhost:3000/users/4
Completed 302 Found in 1152ms (ActiveRecord: 2.4ms | Allocations: 10818)


Started GET "/users/4" for ::1 at 2022-09-02 14:35:43 -0400
Processing by UsersController#show as HTML
  Parameters: {"id"=>"4"}
  [1m[36mUser Load (0.1ms)[0m  [1m[34mSELECT "users".* FROM "users" WHERE "users"."session_token" = ? LIMIT ?[0m  [["session_token", "[FILTERED]"], ["LIMIT", 1]]
  ↳ app/controllers/application_controller.rb:7:in `current_user'
  [1m[36mUser Load (0.2ms)[0m  [1m[34mSELECT "users".* FROM "users" WHERE "users"."id" = ? LIMIT ?[0m  [["id", 4], ["LIMIT", 1]]
  ↳ app/controllers/users_controller.rb:27:in `show'
  Rendering layout layouts/application.html.erb
  Rendering users/show.html.erb within layouts/application
  Rendered users/show.html.erb within layouts/application (Duration: 0.1ms | Allocations: 19)
  Rendered layout layouts/application.html.erb (Duration: 2.6ms | Allocations: 967)
Completed 200 OK in 8ms (Views: 3.3ms | ActiveRecord: 0.3ms | Allocations: 2581)


Started GET "/users/4" for ::1 at 2022-09-02 14:36:16 -0400
Processing by UsersController#show as HTML
  Parameters: {"id"=>"4"}
  [1m[36mUser Load (0.5ms)[0m  [1m[34mSELECT "users".* FROM "users" WHERE "users"."session_token" = ? LIMIT ?[0m  [["session_token", "[FILTERED]"], ["LIMIT", 1]]
  ↳ app/controllers/application_controller.rb:7:in `current_user'
  [1m[36mUser Load (0.3ms)[0m  [1m[34mSELECT "users".* FROM "users" WHERE "users"."id" = ? LIMIT ?[0m  [["id", 4], ["LIMIT", 1]]
  ↳ app/controllers/users_controller.rb:27:in `show'
  Rendering layout layouts/application.html.erb
  Rendering users/show.html.erb within layouts/application
  Rendered users/show.html.erb within layouts/application (Duration: 0.2ms | Allocations: 18)
  Rendered layout layouts/application.html.erb (Duration: 6.8ms | Allocations: 966)
Completed 200 OK in 26ms (Views: 8.4ms | ActiveRecord: 0.8ms | Allocations: 2437)


Started GET "/users/4" for ::1 at 2022-09-02 14:38:58 -0400
Processing by UsersController#show as HTML
  Parameters: {"id"=>"4"}
  [1m[35m (0.1ms)[0m  [1m[34mSELECT sqlite_version(*)[0m
  ↳ app/controllers/application_controller.rb:7:in `current_user'
  [1m[36mUser Load (0.3ms)[0m  [1m[34mSELECT "users".* FROM "users" WHERE "users"."session_token" = ? LIMIT ?[0m  [["session_token", "[FILTERED]"], ["LIMIT", 1]]
  ↳ app/controllers/application_controller.rb:7:in `current_user'
  [1m[36mUser Load (0.1ms)[0m  [1m[34mSELECT "users".* FROM "users" WHERE "users"."id" = ? LIMIT ?[0m  [["id", 4], ["LIMIT", 1]]
  ↳ app/controllers/users_controller.rb:27:in `show'
  Rendering layout layouts/application.html.erb
  Rendering users/show.html.erb within layouts/application
  Rendered users/show.html.erb within layouts/application (Duration: 0.9ms | Allocations: 135)
  Rendered layout layouts/application.html.erb (Duration: 5.1ms | Allocations: 1442)
Completed 200 OK in 27ms (Views: 8.3ms | ActiveRecord: 1.4ms | Allocations: 7281)


Started GET "/session/new" for ::1 at 2022-09-02 14:53:23 -0400
Processing by SessionsController#new as HTML
  Rendering layout layouts/application.html.erb
  Rendering sessions/new.html.erb within layouts/application
  Rendered sessions/new.html.erb within layouts/application (Duration: 4.5ms | Allocations: 646)
  Rendered layout layouts/application.html.erb (Duration: 11.3ms | Allocations: 1783)
Completed 200 OK in 20ms (Views: 14.5ms | Allocations: 2471)


Started POST "/session" for ::1 at 2022-09-02 14:53:27 -0400
Processing by SessionsController#create as HTML
  Parameters: {"authenticity_token"=>"[FILTERED]", "user"=>{"username"=>"wilson", "password"=>"[FILTERED]"}}
  [1m[35m (0.2ms)[0m  [1m[34mSELECT sqlite_version(*)[0m
  ↳ app/controllers/application_controller.rb:7:in `current_user'
  [1m[36mUser Load (0.7ms)[0m  [1m[34mSELECT "users".* FROM "users" WHERE "users"."session_token" = ? LIMIT ?[0m  [["session_token", "[FILTERED]"], ["LIMIT", 1]]
  ↳ app/controllers/application_controller.rb:7:in `current_user'
  [1m[36mUser Load (0.3ms)[0m  [1m[34mSELECT "users".* FROM "users" WHERE "users"."username" = ? LIMIT ?[0m  [["username", "wilson"], ["LIMIT", 1]]
  ↳ app/models/user.rb:10:in `find_by_credentials'
  Rendering layout layouts/application.html.erb
  Rendering sessions/new.html.erb within layouts/application
  Rendered sessions/new.html.erb within layouts/application (Duration: 0.4ms | Allocations: 68)
  Rendered layout layouts/application.html.erb (Duration: 3.4ms | Allocations: 1024)
Completed 200 OK in 1163ms (Views: 4.9ms | ActiveRecord: 2.0ms | Allocations: 3498)


Started POST "/session" for ::1 at 2022-09-02 14:53:30 -0400
Processing by SessionsController#create as HTML
  Parameters: {"authenticity_token"=>"[FILTERED]", "user"=>{"username"=>"wilson", "password"=>"[FILTERED]"}}
  [1m[36mUser Load (0.4ms)[0m  [1m[34mSELECT "users".* FROM "users" WHERE "users"."session_token" = ? LIMIT ?[0m  [["session_token", "[FILTERED]"], ["LIMIT", 1]]
  ↳ app/controllers/application_controller.rb:7:in `current_user'
  [1m[36mUser Load (0.3ms)[0m  [1m[34mSELECT "users".* FROM "users" WHERE "users"."username" = ? LIMIT ?[0m  [["username", "wilson"], ["LIMIT", 1]]
  ↳ app/models/user.rb:10:in `find_by_credentials'
  Rendering layout layouts/application.html.erb
  Rendering sessions/new.html.erb within layouts/application
  Rendered sessions/new.html.erb within layouts/application (Duration: 0.4ms | Allocations: 68)
  Rendered layout layouts/application.html.erb (Duration: 3.1ms | Allocations: 1017)
Completed 200 OK in 1150ms (Views: 4.1ms | ActiveRecord: 0.7ms | Allocations: 2572)


Started POST "/session" for ::1 at 2022-09-02 14:54:02 -0400
Processing by SessionsController#create as HTML
  Parameters: {"authenticity_token"=>"[FILTERED]", "user"=>{"username"=>"wilson", "password"=>"[FILTERED]"}}
  [1m[35m (0.1ms)[0m  [1m[34mSELECT sqlite_version(*)[0m
  ↳ app/controllers/application_controller.rb:7:in `current_user'
  [1m[36mUser Load (0.2ms)[0m  [1m[34mSELECT "users".* FROM "users" WHERE "users"."session_token" = ? LIMIT ?[0m  [["session_token", "[FILTERED]"], ["LIMIT", 1]]
  ↳ app/controllers/application_controller.rb:7:in `current_user'
  [1m[36mUser Load (0.1ms)[0m  [1m[34mSELECT "users".* FROM "users" WHERE "users"."username" = ? LIMIT ?[0m  [["username", "wilson"], ["LIMIT", 1]]
  ↳ app/models/user.rb:10:in `find_by_credentials'
Started POST "/session" for ::1 at 2022-09-02 14:54:03 -0400
  Rendering layout layouts/application.html.erb
  Rendering sessions/new.html.erb within layouts/application
  Rendered sessions/new.html.erb within layouts/application (Duration: 0.6ms | Allocations: 133)
  Rendered layout layouts/application.html.erb (Duration: 5.6ms | Allocations: 1285)
Completed 200 OK in 1144ms (Views: 7.5ms | ActiveRecord: 1.4ms | Allocations: 7613)


Processing by SessionsController#create as HTML
  Parameters: {"authenticity_token"=>"[FILTERED]", "user"=>{"username"=>"wilson", "password"=>"[FILTERED]"}}
  [1m[35m (0.1ms)[0m  [1m[34mSELECT sqlite_version(*)[0m
  ↳ app/controllers/application_controller.rb:7:in `current_user'
  [1m[36mUser Load (0.1ms)[0m  [1m[34mSELECT "users".* FROM "users" WHERE "users"."session_token" = ? LIMIT ?[0m  [["session_token", "[FILTERED]"], ["LIMIT", 1]]
  ↳ app/controllers/application_controller.rb:7:in `current_user'
  [1m[36mUser Load (0.1ms)[0m  [1m[34mSELECT "users".* FROM "users" WHERE "users"."username" = ? LIMIT ?[0m  [["username", "wilson"], ["LIMIT", 1]]
  ↳ app/models/user.rb:10:in `find_by_credentials'
  Rendering layout layouts/application.html.erb
  Rendering sessions/new.html.erb within layouts/application
  Rendered sessions/new.html.erb within layouts/application (Duration: 0.6ms | Allocations: 121)
  Rendered layout layouts/application.html.erb (Duration: 3.9ms | Allocations: 1248)
Completed 200 OK in 1226ms (Views: 5.8ms | ActiveRecord: 1.3ms | Allocations: 6918)


